<?xml version="1.0" encoding="UTF-8"?>
<testsuite xmlns:xsi="http://www.w3.org/2001/XMLSchema-instance" xsi:noNamespaceSchemaLocation="https://maven.apache.org/surefire/maven-surefire-plugin/xsd/surefire-test-report.xsd" name="createOrderTest" time="6.32" tests="12" errors="0" skipped="0" failures="0">
  <properties>
[...]
</properties>
  <testcase name="createOrderTest[Тестовые данные: Max Demidov str.Lenina Uralmash +79999999999 5 2023-04-16 No comments]" classname="createOrderTest" time="0.405"/>
  <testcase name="createOrderManyColor[Тестовые данные: Max Demidov str.Lenina Uralmash +79999999999 5 2023-04-16 No comments]" classname="createOrderTest" time="0.379"/>
  <testcase name="createOrderOneColor[Тестовые данные: Max Demidov str.Lenina Uralmash +79999999999 5 2023-04-16 No comments]" classname="createOrderTest" time="0.325"/>
  <testcase name="createOrderWithOutColor[Тестовые данные: Max Demidov str.Lenina Uralmash +79999999999 5 2023-04-16 No comments]" classname="createOrderTest" time="0.345"/>
  <testcase name="createOrderTest[Тестовые данные: Sasha Korolev str.Kalinina 1905 goda +79999999999 5 2023-04-15 comment 1]" classname="createOrderTest" time="0.426"/>
  <testcase name="createOrderManyColor[Тестовые данные: Sasha Korolev str.Kalinina 1905 goda +79999999999 5 2023-04-15 comment 1]" classname="createOrderTest" time="0.383"/>
  <testcase name="createOrderOneColor[Тестовые данные: Sasha Korolev str.Kalinina 1905 goda +79999999999 5 2023-04-15 comment 1]" classname="createOrderTest" time="0.409"/>
  <testcase name="createOrderWithOutColor[Тестовые данные: Sasha Korolev str.Kalinina 1905 goda +79999999999 5 2023-04-15 comment 1]" classname="createOrderTest" time="0.36"/>
  <testcase name="createOrderTest[Тестовые данные: Gordei Ivanov str.Mira Geologicheskaya +79999999999 5 2023-04-14 comment 2]" classname="createOrderTest" time="0.337"/>
  <testcase name="createOrderManyColor[Тестовые данные: Gordei Ivanov str.Mira Geologicheskaya +79999999999 5 2023-04-14 comment 2]" classname="createOrderTest" time="0.515"/>
  <testcase name="createOrderOneColor[Тестовые данные: Gordei Ivanov str.Mira Geologicheskaya +79999999999 5 2023-04-14 comment 2]" classname="createOrderTest" time="0.804"/>
  <testcase name="createOrderWithOutColor[Тестовые данные: Gordei Ivanov str.Mira Geologicheskaya +79999999999 5 2023-04-14 comment 2]" classname="createOrderTest" time="0.84"/>
</testsuite>